# do {tb_top_ram_ctrl_compile.do}
# ** Warning: (vlib-34) Library already exists at "modelsim_lib/work".
# ** Warning: (vlib-34) Library already exists at "modelsim_lib/msim".
# ** Warning: (vlib-34) Library already exists at "modelsim_lib/msim/xil_defaultlib".
# Model Technology ModelSim SE-64 vmap 10.7 Lib Mapping Utility 2017.12 Dec  7 2017
# vmap xil_defaultlib modelsim_lib/msim/xil_defaultlib 
# Modifying modelsim.ini
# ** Warning: (vlog-159) Mode option -64 is not supported in this context and will be ignored.
# Model Technology ModelSim SE-64 vlog 10.7 Compiler 2017.12 Dec  7 2017
# Start time: 19:51:06 on Jul 16,2024
# vlog -64 -incr -work xil_defaultlib ../../../../ram_ctrl.srcs/sources_1/ip/blk_256x8/sim/blk_256x8.v ../../../../ram_ctrl.srcs/top_ram_ctrl.v ../../../../ram_ctrl.srcs/tb_top_ram_ctrl.v 
# -- Skipping module blk_256x8
# -- Compiling module top_ram_ctrl
# -- Skipping module tb_top_ram_ctrl
# 
# Top level modules:
# 	tb_top_ram_ctrl
# End time: 19:51:06 on Jul 16,2024, Elapsed time: 0:00:00
# Errors: 0, Warnings: 1
# Model Technology ModelSim SE-64 vlog 10.7 Compiler 2017.12 Dec  7 2017
# Start time: 19:51:06 on Jul 16,2024
# vlog -work xil_defaultlib glbl.v 
# -- Compiling module glbl
# 
# Top level modules:
# 	glbl
# End time: 19:51:06 on Jul 16,2024, Elapsed time: 0:00:00
# Errors: 0, Warnings: 0
