# //  ModelSim SE-64 10.7 Dec  7 2017
# //
# //  Copyright 1991-2017 Mentor Graphics Corporation
# //  All Rights Reserved.
# //
# //  ModelSim SE-64 and its associated documentation contain trade
# //  secrets and commercial or financial information that are the property of
# //  Mentor Graphics Corporation and are privileged, confidential,
# //  and exempt from disclosure under the Freedom of Information Act,
# //  5 U.S.C. Section 552. Furthermore, this information
# //  is prohibited from disclosure under the Trade Secrets Act,
# //  18 U.S.C. Section 1905.
# //
# do {tb_top_flash_led_simulate.do}
# vsim -voptargs=""+acc"" -L xil_defaultlib -L unisims_ver -L unimacro_ver -L secureip -lib xil_defaultlib xil_defaultlib.tb_top_flash_led xil_defaultlib.glbl 
# Start time: 22:01:40 on Jul 10,2024
# ** Note: (vsim-3813) Design is being optimized due to module recompilation...
# ** Warning: ../../../../flash_led.srcs/sim_1/new/tb_top_flash_led.v(27): (vopt-2685) [TFMPC] - Too few port connections for 'inst_top_flash_led'.  Expected 4, found 2.
# ** Warning: ../../../../flash_led.srcs/sim_1/new/tb_top_flash_led.v(27): (vopt-2718) [TFMPC] - Missing connection for port 'ledb'.
# ** Warning: ../../../../flash_led.srcs/sim_1/new/tb_top_flash_led.v(27): (vopt-2718) [TFMPC] - Missing connection for port 'ledg'.
# Loading work.tb_top_flash_led(fast)
# Loading work.top_flash_led(fast)
# Loading work.glbl(fast)
# 1
# 1
# .main_pane.wave.interior.cs.body.pw.wf
# .main_pane.structure.interior.cs.body.struct
# .main_pane.objects.interior.cs.body.tree
run
run
# End time: 22:13:54 on Jul 10,2024, Elapsed time: 0:12:14
# Errors: 0, Warnings: 3
